Using pre-set license
Built from '2020.2/release' branch; Version is '2020.2.2f1 (068178b99f32) revision 426360'; Using compiler version '192528614'; Build Type 'Release'
OS: 'Windows 10 Enterprise; OS build 19045.2965; Version 2009; 64bit' Language: 'en' Physical Memory: 16120 MB
BatchMode: 1, IsHumanControllingUs: 0, StartBugReporterOnCrash: 0, Is64bit: 1, IsPro: 0

 COMMAND LINE ARGUMENTS:
C:\Program Files\Unity\Editor\Unity.exe
-adb2
-batchMode
-noUpm
-name
AssetImportWorker0
-projectPath
C:/Users/evp429/Documents/GAMEJAME/EGaDSGameJam/GameJam
-logFile
Logs/AssetImportWorker0.log
-srvPort
52830
Successfully changed project path to: C:/Users/evp429/Documents/GAMEJAME/EGaDSGameJam/GameJam
C:/Users/evp429/Documents/GAMEJAME/EGaDSGameJam/GameJam
Using Asset Import Pipeline V2.
Refreshing native plugins compatible for Editor in 23.82 ms, found 0 plugins.
Preloading 0 native plugins for Editor in 0.00 ms.
Initialize engine version: 2020.2.2f1 (068178b99f32)
[Subsystems] Discovering subsystems at path C:/Program Files/Unity/Editor/Data/Resources/UnitySubsystems
[Subsystems] Discovering subsystems at path C:/Users/evp429/Documents/GAMEJAME/EGaDSGameJam/GameJam/Assets
GfxDevice: creating device client; threaded=0
Direct3D:
    Version:  Direct3D 11.0 [level 11.1]
    Renderer: Radeon 550 (ID=0x699f)
    Vendor:   
    VRAM:     1993 MB
    Driver:   30.0.13018.4000
Initialize mono
Mono path[0] = 'C:/Program Files/Unity/Editor/Data/Managed'
Mono path[1] = 'C:/Program Files/Unity/Editor/Data/MonoBleedingEdge/lib/mono/unityjit'
Mono config path = 'C:/Program Files/Unity/Editor/Data/MonoBleedingEdge/etc'
Using monoOptions --debugger-agent=transport=dt_socket,embedding=1,server=y,suspend=n,address=127.0.0.1:56472
Begin MonoManager ReloadAssembly
Registering precompiled unity dll's ...
Register platform support module: C:/Program Files/Unity/Editor/Data/PlaybackEngines/WindowsStandaloneSupport/UnityEditor.WindowsStandalone.Extensions.dll
Registered in 0.001346 seconds.
Native extension for WindowsStandalone target not found
Refreshing native plugins compatible for Editor in 22.43 ms, found 0 plugins.
Preloading 0 native plugins for Editor in 0.00 ms.
Invoked RoslynAnalysisRunner static constructor.
RoslynAnalysisRunner will not be running.
RoslynAnalysisRunner has terminated.
Mono: successfully reloaded assembly
- Completed reload, in  0.734 seconds
Platform modules already initialized, skipping
Registering precompiled user dll's ...
Registered in 0.000747 seconds.
Begin MonoManager ReloadAssembly
Native extension for WindowsStandalone target not found
Refreshing native plugins compatible for Editor in 0.24 ms, found 0 plugins.
Preloading 0 native plugins for Editor in 0.00 ms.
Invoked RoslynAnalysisRunner static constructor.
RoslynAnalysisRunner will not be running.
RoslynAnalysisRunner has terminated.
Mono: successfully reloaded assembly
- Completed reload, in  0.603 seconds
Platform modules already initialized, skipping
========================================================================
Worker process is ready to serve import requests
Launched and connected shader compiler UnityShaderCompiler.exe after 0.04 seconds
Refreshing native plugins compatible for Editor in 0.25 ms, found 0 plugins.
Preloading 0 native plugins for Editor in 0.00 ms.
Unloading 1251 Unused Serialized files (Serialized files now loaded: 0)
System memory in use before: 136.0 MB.
System memory in use after: 136.0 MB.

Unloading 11 unused Assets to reduce memory usage. Loaded Objects now: 1698.
Total: 1.694500 ms (FindLiveObjects: 0.119100 ms CreateObjectMapping: 0.032900 ms MarkObjects: 1.467000 ms  DeleteObjects: 0.074800 ms)

========================================================================
Received Import Request.
  path: Assets/Scenes/PRACTICE.cs
  artifactKey: Guid(6d6268addaac5974f9f05811209e2491) Importer(815301076,1909f56bfc062723c751e8b465ee728b)
Start importing Assets/Scenes/PRACTICE.cs using Guid(6d6268addaac5974f9f05811209e2491) Importer(815301076,1909f56bfc062723c751e8b465ee728b)  -> (artifact id: '09c10efae45cc1ba0bd2ecfa5764bed3') in 0.048403 seconds
  Import took 0.051332 seconds .

AssetImportWorkerClient::OnTransportError - code=2 error=End of file
